<?xml version="1.0" encoding="UTF-8"?>
<!-- Generated by org.testng.reporters.JUnitReportReporter -->
<testsuite hostname="LAPTOP-J843U7OO" failures="0" tests="2" name="testcases.LoginTest" time="31.592" errors="0" timestamp="06 Oct 2024 15:14:36 GMT" skipped="0">
  <testcase classname="testcases.LoginTest" name="TC01_LoginFailureTest" time="18.554"/>
  <testcase classname="testcases.LoginTest" name="TC02_LoginSuccessTest" time="13.038"/>
</testsuite> <!-- testcases.LoginTest -->
