<?xml version="1.0" encoding="UTF-8"?>
<!-- Generated by org.testng.reporters.JUnitReportReporter -->
<testsuite hostname="LAPTOP-J843U7OO" failures="0" tests="2" name="testcases.LoginTest" time="56.653" errors="0" timestamp="20 Oct 2024 13:48:18 GMT" skipped="0">
  <testcase classname="testcases.LoginTest" name="TC01_LoginFailureTest" time="29.605"/>
  <testcase classname="testcases.LoginTest" name="TC02_LoginSuccessTest" time="27.048"/>
</testsuite> <!-- testcases.LoginTest -->
