<?xml version="1.0" encoding="UTF-8"?>
<!-- Generated by org.testng.reporters.JUnitReportReporter -->
<testsuite hostname="LAPTOP-J843U7OO" failures="0" tests="1" name="SeleniumGridExample.SeleniumGridExample" time="18.202" errors="0" timestamp="19 Oct 2024 14:51:51 GMT" skipped="0">
  <testcase classname="SeleniumGridExample.SeleniumGridExample" name="test1" time="18.202"/>
</testsuite> <!-- SeleniumGridExample.SeleniumGridExample -->
