<?xml version="1.0" encoding="UTF-8"?>
<!-- Generated by org.testng.reporters.JUnitReportReporter -->
<testsuite hostname="LAPTOP-J843U7OO" failures="0" tests="6" name="testcases.LoginTest" time="0.000" errors="0" timestamp="04 Aug 2024 15:15:06 GMT" skipped="6">
  <testcase classname="testcases.LoginTest" name="TC04_LoginSuccessTest" time="0.000">
    <skipped/>
  </testcase> <!-- TC04_LoginSuccessTest -->
  <testcase classname="testcases.LoginTest" name="TC01_LoginFailureTest" time="0.000">
    <skipped/>
  </testcase> <!-- TC01_LoginFailureTest -->
  <testcase classname="testcases.LoginTest" name="TC02_LoginSuccessTest" time="0.000">
    <skipped/>
  </testcase> <!-- TC02_LoginSuccessTest -->
  <testcase classname="testcases.LoginTest" name="TC04_LoginSuccessTest" time="0.000">
    <skipped/>
  </testcase> <!-- TC04_LoginSuccessTest -->
  <testcase classname="testcases.LoginTest" name="TC04_LoginSuccessTest" time="0.000">
    <skipped/>
  </testcase> <!-- TC04_LoginSuccessTest -->
  <testcase classname="testcases.LoginTest" name="TC03_LoginSuccessTest" time="0.000">
    <skipped/>
  </testcase> <!-- TC03_LoginSuccessTest -->
</testsuite> <!-- testcases.LoginTest -->
